<?xml version="1.0" encoding="UTF-8"?>
<!-- Generated by org.testng.reporters.JUnitXMLReporter -->
<testsuite ignored="0" hostname="Marjans-MBP.attlocal.net" failures="0" tests="4" name="Default test" time="55.334" errors="0" timestamp="2020-09-13T21:58:47 EDT">
  <testcase classname="Test.First" name="mouse" time="12.512"/>
  <testcase classname="Test.First" name="login" time="15.25"/>
  <testcase classname="Test.First" name="regis" time="13.534"/>
  <testcase classname="Test.First" name="login2" time="14.003"/>
</testsuite> <!-- Default test -->
