<?xml version="1.0" encoding="UTF-8"?>
<testng-results ignored="0" total="4" passed="4" failed="0" skipped="0">
  <reporter-output>
  </reporter-output>
  <suite started-at="2020-09-13T21:57:51 EDT" name="Default suite" finished-at="2020-09-13T21:58:47 EDT" duration-ms="55334">
    <groups>
    </groups>
    <test started-at="2020-09-13T21:57:51 EDT" name="Default test" finished-at="2020-09-13T21:58:47 EDT" duration-ms="55334">
      <class name="Test.First">
        <test-method signature="mouse()[pri:1, instance:Test.First@3b2da18f]" started-at="2020-09-13T21:57:51 EDT" name="mouse" finished-at="2020-09-13T21:58:04 EDT" duration-ms="12512" status="PASS">
          <reporter-output>
          </reporter-output>
        </test-method> <!-- mouse -->
        <test-method signature="login()[pri:2, instance:Test.First@3b2da18f]" started-at="2020-09-13T21:58:04 EDT" name="login" finished-at="2020-09-13T21:58:19 EDT" duration-ms="15250" status="PASS">
          <reporter-output>
          </reporter-output>
        </test-method> <!-- login -->
        <test-method signature="regis()[pri:3, instance:Test.First@3b2da18f]" started-at="2020-09-13T21:58:19 EDT" name="regis" finished-at="2020-09-13T21:58:33 EDT" duration-ms="13534" status="PASS">
          <reporter-output>
          </reporter-output>
        </test-method> <!-- regis -->
        <test-method signature="login2()[pri:4, instance:Test.First@3b2da18f]" started-at="2020-09-13T21:58:33 EDT" name="login2" finished-at="2020-09-13T21:58:47 EDT" duration-ms="14003" status="PASS">
          <reporter-output>
          </reporter-output>
        </test-method> <!-- login2 -->
      </class> <!-- Test.First -->
    </test> <!-- Default test -->
  </suite> <!-- Default suite -->
</testng-results>
